Command: ninja all
[1/9] Performing build step for 'bootloader'
[1/1] cd /home/pelvira/Documents/Universidad/7_Septimo_Semestre/SBC/test_DAS/build/bootloader/esp-idf/esptool_py && /home/pelvira/.espressif/python_env/idf5.5_py3.12_env/bin/python /home/pelvira/esp/esp-idf/components/partition_table/check_sizes.py --offset 0x8000 bootloader 0x1000 /home/pelvira/Documents/Universidad/7_Septimo_Semestre/SBC/test_DAS/build/bootloader/bootloader.bin
Bootloader binary size 0x6680 bytes. 0x980 bytes (8%) free.
[2/9] No install step for 'bootloader'
[3/9] Completed 'bootloader'
[4/9] Building C object esp-idf/ble/CMakeFiles/__idf_ble.dir/bluetooth.c.obj
FAILED: esp-idf/ble/CMakeFiles/__idf_ble.dir/bluetooth.c.obj 
/home/pelvira/.espressif/tools/xtensa-esp-elf/esp-14.2.0_20241119/xtensa-esp-elf/bin/xtensa-esp32-elf-gcc -DESP_PLATFORM -DIDF_VER=\"v5.5.1\" -DSOC_MMU_PAGE_SIZE=CONFIG_MMU_PAGE_SIZE -DSOC_XTAL_FREQ_MHZ=CONFIG_XTAL_FREQ -D_GLIBCXX_HAVE_POSIX_SEMAPHORE -D_GLIBCXX_USE_POSIX_SEMAPHORE -D_GNU_SOURCE -D_POSIX_READER_WRITER_LOCKS -I/home/pelvira/Documents/Universidad/7_Septimo_Semestre/SBC/test_DAS/build/config -I/home/pelvira/Documents/Universidad/7_Septimo_Semestre/SBC/test_DAS/components/ble -I/home/pelvira/esp/esp-idf/components/newlib/platform_include -I/home/pelvira/esp/esp-idf/components/freertos/config/include -I/home/pelvira/esp/esp-idf/components/freertos/config/include/freertos -I/home/pelvira/esp/esp-idf/components/freertos/config/xtensa/include -I/home/pelvira/esp/esp-idf/components/freertos/FreeRTOS-Kernel/include -I/home/pelvira/esp/esp-idf/components/freertos/FreeRTOS-Kernel/portable/xtensa/include -I/home/pelvira/esp/esp-idf/components/freertos/FreeRTOS-Kernel/portable/xtensa/include/freertos -I/home/pelvira/esp/esp-idf/components/freertos/esp_additions/include -I/home/pelvira/esp/esp-idf/components/esp_hw_support/include -I/home/pelvira/esp/esp-idf/components/esp_hw_support/include/soc -I/home/pelvira/esp/esp-idf/components/esp_hw_support/include/soc/esp32 -I/home/pelvira/esp/esp-idf/components/esp_hw_support/dma/include -I/home/pelvira/esp/esp-idf/components/esp_hw_support/ldo/include -I/home/pelvira/esp/esp-idf/components/esp_hw_support/debug_probe/include -I/home/pelvira/esp/esp-idf/components/esp_hw_support/mspi_timing_tuning/include -I/home/pelvira/esp/esp-idf/components/esp_hw_support/mspi_timing_tuning/tuning_scheme_impl/include -I/home/pelvira/esp/esp-idf/components/esp_hw_support/power_supply/include -I/home/pelvira/esp/esp-idf/components/esp_hw_support/port/esp32/. -I/home/pelvira/esp/esp-idf/components/esp_hw_support/port/esp32/include -I/home/pelvira/esp/esp-idf/components/heap/include -I/home/pelvira/esp/esp-idf/components/heap/tlsf -I/home/pelvira/esp/esp-idf/components/log/include -I/home/pelvira/esp/esp-idf/components/soc/include -I/home/pelvira/esp/esp-idf/components/soc/esp32 -I/home/pelvira/esp/esp-idf/components/soc/esp32/include -I/home/pelvira/esp/esp-idf/components/soc/esp32/register -I/home/pelvira/esp/esp-idf/components/hal/platform_port/include -I/home/pelvira/esp/esp-idf/components/hal/esp32/include -I/home/pelvira/esp/esp-idf/components/hal/include -I/home/pelvira/esp/esp-idf/components/esp_rom/include -I/home/pelvira/esp/esp-idf/components/esp_rom/esp32/include -I/home/pelvira/esp/esp-idf/components/esp_rom/esp32/include/esp32 -I/home/pelvira/esp/esp-idf/components/esp_rom/esp32 -I/home/pelvira/esp/esp-idf/components/esp_common/include -I/home/pelvira/esp/esp-idf/components/esp_system/include -I/home/pelvira/esp/esp-idf/components/esp_system/port/soc -I/home/pelvira/esp/esp-idf/components/esp_system/port/include/private -I/home/pelvira/esp/esp-idf/components/xtensa/esp32/include -I/home/pelvira/esp/esp-idf/components/xtensa/include -I/home/pelvira/esp/esp-idf/components/xtensa/deprecated_include -I/home/pelvira/esp/esp-idf/components/lwip/include -I/home/pelvira/esp/esp-idf/components/lwip/include/apps -I/home/pelvira/esp/esp-idf/components/lwip/include/apps/sntp -I/home/pelvira/esp/esp-idf/components/lwip/lwip/src/include -I/home/pelvira/esp/esp-idf/components/lwip/port/include -I/home/pelvira/esp/esp-idf/components/lwip/port/freertos/include -I/home/pelvira/esp/esp-idf/components/lwip/port/esp32xx/include -I/home/pelvira/esp/esp-idf/components/lwip/port/esp32xx/include/arch -I/home/pelvira/esp/esp-idf/components/lwip/port/esp32xx/include/sys -I/home/pelvira/esp/esp-idf/components/nvs_flash/include -I/home/pelvira/esp/esp-idf/components/esp_partition/include -I/home/pelvira/esp/esp-idf/components/bt/include/esp32/include -I/home/pelvira/esp/esp-idf/components/bt/common/osi/include -I/home/pelvira/esp/esp-idf/components/bt/common/api/include/api -I/home/pelvira/esp/esp-idf/components/bt/common/btc/profile/esp/blufi/include -I/home/pelvira/esp/esp-idf/components/bt/common/btc/profile/esp/include -I/home/pelvira/esp/esp-idf/components/bt/common/hci_log/include -I/home/pelvira/esp/esp-idf/components/bt/common/ble_log/include -I/home/pelvira/esp/esp-idf/components/bt/host/nimble/nimble/nimble/host/include -I/home/pelvira/esp/esp-idf/components/bt/host/nimble/nimble/nimble/include -I/home/pelvira/esp/esp-idf/components/bt/host/nimble/nimble/nimble/host/services/ans/include -I/home/pelvira/esp/esp-idf/components/bt/host/nimble/nimble/nimble/host/services/bas/include -I/home/pelvira/esp/esp-idf/components/bt/host/nimble/nimble/nimble/host/services/dis/include -I/home/pelvira/esp/esp-idf/components/bt/host/nimble/nimble/nimble/host/services/gap/include -I/home/pelvira/esp/esp-idf/components/bt/host/nimble/nimble/nimble/host/services/gatt/include -I/home/pelvira/esp/esp-idf/components/bt/host/nimble/nimble/nimble/host/services/hr/include -I/home/pelvira/esp/esp-idf/components/bt/host/nimble/nimble/nimble/host/services/htp/include -I/home/pelvira/esp/esp-idf/components/bt/host/nimble/nimble/nimble/host/services/ias/include -I/home/pelvira/esp/esp-idf/components/bt/host/nimble/nimble/nimble/host/services/ipss/include -I/home/pelvira/esp/esp-idf/components/bt/host/nimble/nimble/nimble/host/services/lls/include -I/home/pelvira/esp/esp-idf/components/bt/host/nimble/nimble/nimble/host/services/prox/include -I/home/pelvira/esp/esp-idf/components/bt/host/nimble/nimble/nimble/host/services/cts/include -I/home/pelvira/esp/esp-idf/components/bt/host/nimble/nimble/nimble/host/services/tps/include -I/home/pelvira/esp/esp-idf/components/bt/host/nimble/nimble/nimble/host/services/hid/include -I/home/pelvira/esp/esp-idf/components/bt/host/nimble/nimble/nimble/host/services/sps/include -I/home/pelvira/esp/esp-idf/components/bt/host/nimble/nimble/nimble/host/services/cte/include -I/home/pelvira/esp/esp-idf/components/bt/host/nimble/nimble/nimble/host/util/include -I/home/pelvira/esp/esp-idf/components/bt/host/nimble/nimble/nimble/host/store/ram/include -I/home/pelvira/esp/esp-idf/components/bt/host/nimble/nimble/nimble/host/store/config/include -I/home/pelvira/esp/esp-idf/components/bt/host/nimble/nimble/porting/nimble/include -I/home/pelvira/esp/esp-idf/components/bt/host/nimble/port/include -I/home/pelvira/esp/esp-idf/components/bt/host/nimble/nimble/nimble/transport/include -I/home/pelvira/esp/esp-idf/components/bt/porting/include -I/home/pelvira/esp/esp-idf/components/bt/host/nimble/nimble/porting/npl/freertos/include -I/home/pelvira/esp/esp-idf/components/bt/host/nimble/esp-hci/include -I/home/pelvira/esp/esp-idf/components/esp_timer/include -I/home/pelvira/esp/esp-idf/components/esp_wifi/include -I/home/pelvira/esp/esp-idf/components/esp_wifi/include/local -I/home/pelvira/esp/esp-idf/components/esp_wifi/wifi_apps/include -I/home/pelvira/esp/esp-idf/components/esp_wifi/wifi_apps/nan_app/include -I/home/pelvira/esp/esp-idf/components/esp_event/include -I/home/pelvira/esp/esp-idf/components/esp_phy/include -I/home/pelvira/esp/esp-idf/components/esp_phy/esp32/include -I/home/pelvira/esp/esp-idf/components/esp_netif/include -I/home/pelvira/Documents/Universidad/7_Septimo_Semestre/SBC/test_DAS/components/ota -mlongcalls -Wno-frame-address  -fno-builtin-memcpy -fno-builtin-memset -fno-builtin-bzero -fno-builtin-stpcpy -fno-builtin-strncpy -fdiagnostics-color=always -ffunction-sections -fdata-sections -Wall -Werror=all -Wno-error=unused-function -Wno-error=unused-variable -Wno-error=unused-but-set-variable -Wno-error=deprecated-declarations -Wextra -Wno-error=extra -Wno-unused-parameter -Wno-sign-compare -Wno-enum-conversion -gdwarf-4 -ggdb -Og -fno-shrink-wrap -fmacro-prefix-map=/home/pelvira/Documents/Universidad/7_Septimo_Semestre/SBC/test_DAS=. -fmacro-prefix-map=/home/pelvira/esp/esp-idf=/IDF -fstrict-volatile-bitfields -fno-jump-tables -fno-tree-switch-conversion -std=gnu17 -Wno-old-style-declaration -MD -MT esp-idf/ble/CMakeFiles/__idf_ble.dir/bluetooth.c.obj -MF esp-idf/ble/CMakeFiles/__idf_ble.dir/bluetooth.c.obj.d -o esp-idf/ble/CMakeFiles/__idf_ble.dir/bluetooth.c.obj -c /home/pelvira/Documents/Universidad/7_Septimo_Semestre/SBC/test_DAS/components/ble/bluetooth.c
/home/pelvira/Documents/Universidad/7_Septimo_Semestre/SBC/test_DAS/components/ble/bluetooth.c:9:31: error: 'BLE_HS_CONN_HANDLE_NONE' undeclared here (not in a function)
    9 | static uint16_t conn_handle = BLE_HS_CONN_HANDLE_NONE;
      |                               ^~~~~~~~~~~~~~~~~~~~~~~
/home/pelvira/Documents/Universidad/7_Septimo_Semestre/SBC/test_DAS/components/ble/bluetooth.c:12:8: error: unknown type name 'bool'
   12 | static bool notify_enabled = false;
      |        ^~~~
/home/pelvira/Documents/Universidad/7_Septimo_Semestre/SBC/test_DAS/components/ble/bluetooth.c:6:1: note: 'bool' is defined in header '<stdbool.h>'; this is probably fixable by adding '#include <stdbool.h>'
    5 | #include "ota_manager.h"
  +++ |+#include <stdbool.h>
    6 | 
/home/pelvira/Documents/Universidad/7_Septimo_Semestre/SBC/test_DAS/components/ble/bluetooth.c:12:30: error: 'false' undeclared here (not in a function)
   12 | static bool notify_enabled = false;
      |                              ^~~~~
/home/pelvira/Documents/Universidad/7_Septimo_Semestre/SBC/test_DAS/components/ble/bluetooth.c:12:30: note: 'false' is defined in header '<stdbool.h>'; this is probably fixable by adding '#include <stdbool.h>'
/home/pelvira/Documents/Universidad/7_Septimo_Semestre/SBC/test_DAS/components/ble/bluetooth.c:14:8: error: unknown type name 'ble_uuid128_t'
   14 | static ble_uuid128_t svc_uuid = BLE_UUID128_INIT(
      |        ^~~~~~~~~~~~~
/home/pelvira/Documents/Universidad/7_Septimo_Semestre/SBC/test_DAS/components/ble/bluetooth.c:14:33: error: implicit declaration of function 'BLE_UUID128_INIT' [-Wimplicit-function-declaration]
   14 | static ble_uuid128_t svc_uuid = BLE_UUID128_INIT(
      |                                 ^~~~~~~~~~~~~~~~
/home/pelvira/Documents/Universidad/7_Septimo_Semestre/SBC/test_DAS/components/ble/bluetooth.c:14:33: error: initializer element is not constant
/home/pelvira/Documents/Universidad/7_Septimo_Semestre/SBC/test_DAS/components/ble/bluetooth.c:24:8: error: unknown type name 'ble_uuid128_t'
   24 | static ble_uuid128_t chr_tx_uuid = BLE_UUID128_INIT(
      |        ^~~~~~~~~~~~~
/home/pelvira/Documents/Universidad/7_Septimo_Semestre/SBC/test_DAS/components/ble/bluetooth.c:24:36: error: initializer element is not constant
   24 | static ble_uuid128_t chr_tx_uuid = BLE_UUID128_INIT(
      |                                    ^~~~~~~~~~~~~~~~
/home/pelvira/Documents/Universidad/7_Septimo_Semestre/SBC/test_DAS/components/ble/bluetooth.c:34:8: error: unknown type name 'ble_uuid128_t'
   34 | static ble_uuid128_t chr_rx_uuid = BLE_UUID128_INIT(
      |        ^~~~~~~~~~~~~
/home/pelvira/Documents/Universidad/7_Septimo_Semestre/SBC/test_DAS/components/ble/bluetooth.c:34:36: error: initializer element is not constant
   34 | static ble_uuid128_t chr_rx_uuid = BLE_UUID128_INIT(
      |                                    ^~~~~~~~~~~~~~~~
/home/pelvira/Documents/Universidad/7_Septimo_Semestre/SBC/test_DAS/components/ble/bluetooth.c:47:10: warning: 'struct ble_gatt_access_ctxt' declared inside parameter list will not be visible outside of this definition or declaration
   47 |   struct ble_gatt_access_ctxt *ctxt,
      |          ^~~~~~~~~~~~~~~~~~~~
/home/pelvira/Documents/Universidad/7_Septimo_Semestre/SBC/test_DAS/components/ble/bluetooth.c: In function 'chr_tx_access_cb':
/home/pelvira/Documents/Universidad/7_Septimo_Semestre/SBC/test_DAS/components/ble/bluetooth.c:50:11: error: invalid use of undefined type 'struct ble_gatt_access_ctxt'
   50 |   if (ctxt->op == BLE_GATT_ACCESS_OP_WRITE_CHR) {
      |           ^~
/home/pelvira/Documents/Universidad/7_Septimo_Semestre/SBC/test_DAS/components/ble/bluetooth.c:50:19: error: 'BLE_GATT_ACCESS_OP_WRITE_CHR' undeclared (first use in this function)
   50 |   if (ctxt->op == BLE_GATT_ACCESS_OP_WRITE_CHR) {
      |                   ^~~~~~~~~~~~~~~~~~~~~~~~~~~~
/home/pelvira/Documents/Universidad/7_Septimo_Semestre/SBC/test_DAS/components/ble/bluetooth.c:50:19: note: each undeclared identifier is reported only once for each function it appears in
/home/pelvira/Documents/Universidad/7_Septimo_Semestre/SBC/test_DAS/components/ble/bluetooth.c:51:22: error: 'true' undeclared (first use in this function)
   51 |     notify_enabled = true;
      |                      ^~~~
/home/pelvira/Documents/Universidad/7_Septimo_Semestre/SBC/test_DAS/components/ble/bluetooth.c:51:22: note: 'true' is defined in header '<stdbool.h>'; this is probably fixable by adding '#include <stdbool.h>'
/home/pelvira/Documents/Universidad/7_Septimo_Semestre/SBC/test_DAS/components/ble/bluetooth.c:52:5: error: implicit declaration of function 'ESP_LOGI' [-Wimplicit-function-declaration]
   52 |     ESP_LOGI(TAG, "Notify enabled");
      |     ^~~~~~~~
/home/pelvira/Documents/Universidad/7_Septimo_Semestre/SBC/test_DAS/components/ble/bluetooth.c: At top level:
/home/pelvira/Documents/Universidad/7_Septimo_Semestre/SBC/test_DAS/components/ble/bluetooth.c:60:10: warning: 'struct ble_gatt_access_ctxt' declared inside parameter list will not be visible outside of this definition or declaration
   60 |   struct ble_gatt_access_ctxt *ctxt,
      |          ^~~~~~~~~~~~~~~~~~~~
/home/pelvira/Documents/Universidad/7_Septimo_Semestre/SBC/test_DAS/components/ble/bluetooth.c: In function 'chr_rx_access_cb':
/home/pelvira/Documents/Universidad/7_Septimo_Semestre/SBC/test_DAS/components/ble/bluetooth.c:64:9: error: invalid use of undefined type 'struct ble_gatt_access_ctxt'
   64 |     ctxt->om->om_data,
      |         ^~
/home/pelvira/Documents/Universidad/7_Septimo_Semestre/SBC/test_DAS/components/ble/bluetooth.c:65:9: error: invalid use of undefined type 'struct ble_gatt_access_ctxt'
   65 |     ctxt->om->om_len
      |         ^~
/home/pelvira/Documents/Universidad/7_Septimo_Semestre/SBC/test_DAS/components/ble/bluetooth.c: At top level:
/home/pelvira/Documents/Universidad/7_Septimo_Semestre/SBC/test_DAS/components/ble/bluetooth.c:70:38: error: array type has incomplete element type 'struct ble_gatt_svc_def'
   70 | static const struct ble_gatt_svc_def gatt_svcs[] = {
      |                                      ^~~~~~~~~
/home/pelvira/Documents/Universidad/7_Septimo_Semestre/SBC/test_DAS/components/ble/bluetooth.c:72:13: error: 'BLE_GATT_SVC_TYPE_PRIMARY' undeclared here (not in a function)
   72 |     .type = BLE_GATT_SVC_TYPE_PRIMARY,
      |             ^~~~~~~~~~~~~~~~~~~~~~~~~
/home/pelvira/Documents/Universidad/7_Septimo_Semestre/SBC/test_DAS/components/ble/bluetooth.c:73:22: error: request for member 'u' in something not a structure or union
   73 |     .uuid = &svc_uuid.u,
      |                      ^
/home/pelvira/Documents/Universidad/7_Septimo_Semestre/SBC/test_DAS/components/ble/bluetooth.c:74:48: error: array type has incomplete element type 'struct ble_gatt_chr_def'
   74 |     .characteristics = (struct ble_gatt_chr_def[]) {
      |                                                ^
/home/pelvira/Documents/Universidad/7_Septimo_Semestre/SBC/test_DAS/components/ble/bluetooth.c:76:29: error: request for member 'u' in something not a structure or union
   76 |         .uuid = &chr_tx_uuid.u,
      |                             ^
/home/pelvira/Documents/Universidad/7_Septimo_Semestre/SBC/test_DAS/components/ble/bluetooth.c:78:18: error: 'BLE_GATT_CHR_F_NOTIFY' undeclared here (not in a function)
   78 |         .flags = BLE_GATT_CHR_F_NOTIFY,
      |                  ^~~~~~~~~~~~~~~~~~~~~
/home/pelvira/Documents/Universidad/7_Septimo_Semestre/SBC/test_DAS/components/ble/bluetooth.c:82:29: error: request for member 'u' in something not a structure or union
   82 |         .uuid = &chr_rx_uuid.u,
      |                             ^
/home/pelvira/Documents/Universidad/7_Septimo_Semestre/SBC/test_DAS/components/ble/bluetooth.c:84:18: error: 'BLE_GATT_CHR_F_WRITE' undeclared here (not in a function)
   84 |         .flags = BLE_GATT_CHR_F_WRITE | BLE_GATT_CHR_F_WRITE_NO_RSP,
      |                  ^~~~~~~~~~~~~~~~~~~~
/home/pelvira/Documents/Universidad/7_Septimo_Semestre/SBC/test_DAS/components/ble/bluetooth.c:84:41: error: 'BLE_GATT_CHR_F_WRITE_NO_RSP' undeclared here (not in a function)
   84 |         .flags = BLE_GATT_CHR_F_WRITE | BLE_GATT_CHR_F_WRITE_NO_RSP,
      |                                         ^~~~~~~~~~~~~~~~~~~~~~~~~~~
/home/pelvira/Documents/Universidad/7_Septimo_Semestre/SBC/test_DAS/components/ble/bluetooth.c:95:10: warning: 'struct ble_gap_event' declared inside parameter list will not be visible outside of this definition or declaration
   95 |   struct ble_gap_event *event,
      |          ^~~~~~~~~~~~~
/home/pelvira/Documents/Universidad/7_Septimo_Semestre/SBC/test_DAS/components/ble/bluetooth.c: In function 'gap_event_cb':
/home/pelvira/Documents/Universidad/7_Septimo_Semestre/SBC/test_DAS/components/ble/bluetooth.c:98:16: error: invalid use of undefined type 'struct ble_gap_event'
   98 |   switch (event->type) {
      |                ^~
/home/pelvira/Documents/Universidad/7_Septimo_Semestre/SBC/test_DAS/components/ble/bluetooth.c:99:10: error: 'BLE_GAP_EVENT_CONNECT' undeclared (first use in this function)
   99 |     case BLE_GAP_EVENT_CONNECT:
      |          ^~~~~~~~~~~~~~~~~~~~~
/home/pelvira/Documents/Universidad/7_Septimo_Semestre/SBC/test_DAS/components/ble/bluetooth.c:100:16: error: invalid use of undefined type 'struct ble_gap_event'
  100 |       if (event->connect.status == 0) {
      |                ^~
/home/pelvira/Documents/Universidad/7_Septimo_Semestre/SBC/test_DAS/components/ble/bluetooth.c:101:28: error: invalid use of undefined type 'struct ble_gap_event'
  101 |         conn_handle = event->connect.conn_handle;
      |                            ^~
/home/pelvira/Documents/Universidad/7_Septimo_Semestre/SBC/test_DAS/components/ble/bluetooth.c:109:10: error: 'BLE_GAP_EVENT_DISCONNECT' undeclared (first use in this function)
  109 |     case BLE_GAP_EVENT_DISCONNECT:
      |          ^~~~~~~~~~~~~~~~~~~~~~~~
/home/pelvira/Documents/Universidad/7_Septimo_Semestre/SBC/test_DAS/components/ble/bluetooth.c:115:10: error: 'BLE_GAP_EVENT_MTU' undeclared (first use in this function)
  115 |     case BLE_GAP_EVENT_MTU:
      |          ^~~~~~~~~~~~~~~~~
/home/pelvira/Documents/Universidad/7_Septimo_Semestre/SBC/test_DAS/components/ble/bluetooth.c:116:36: error: invalid use of undefined type 'struct ble_gap_event'
  116 |       ESP_LOGI(TAG, "MTU %d", event->mtu.value);
      |                                    ^~
/home/pelvira/Documents/Universidad/7_Septimo_Semestre/SBC/test_DAS/components/ble/bluetooth.c:119:10: error: 'BLE_GAP_EVENT_SUBSCRIBE' undeclared (first use in this function)
  119 |     case BLE_GAP_EVENT_SUBSCRIBE:
      |          ^~~~~~~~~~~~~~~~~~~~~~~
/home/pelvira/Documents/Universidad/7_Septimo_Semestre/SBC/test_DAS/components/ble/bluetooth.c:120:16: error: invalid use of undefined type 'struct ble_gap_event'
  120 |       if (event->subscribe.attr_handle == tx_handle) {
      |                ^~
/home/pelvira/Documents/Universidad/7_Septimo_Semestre/SBC/test_DAS/components/ble/bluetooth.c:121:31: error: invalid use of undefined type 'struct ble_gap_event'
  121 |         notify_enabled = event->subscribe.cur_notify;
      |                               ^~
/home/pelvira/Documents/Universidad/7_Septimo_Semestre/SBC/test_DAS/components/ble/bluetooth.c: In function 'ble_advertise':
/home/pelvira/Documents/Universidad/7_Septimo_Semestre/SBC/test_DAS/components/ble/bluetooth.c:137:29: error: storage size of 'adv_params' isn't known
  137 |   struct ble_gap_adv_params adv_params;
      |                             ^~~~~~~~~~
/home/pelvira/Documents/Universidad/7_Septimo_Semestre/SBC/test_DAS/components/ble/bluetooth.c:138:28: error: storage size of 'fields' isn't known
  138 |   struct ble_hs_adv_fields fields;
      |                            ^~~~~~
/home/pelvira/Documents/Universidad/7_Septimo_Semestre/SBC/test_DAS/components/ble/bluetooth.c:140:3: error: implicit declaration of function 'memset' [-Wimplicit-function-declaration]
  140 |   memset(&fields, 0, sizeof(fields));
      |   ^~~~~~
/home/pelvira/Documents/Universidad/7_Septimo_Semestre/SBC/test_DAS/components/ble/bluetooth.c:6:1: note: 'memset' is defined in header '<string.h>'; this is probably fixable by adding '#include <string.h>'
    5 | #include "ota_manager.h"
  +++ |+#include <string.h>
    6 | 
/home/pelvira/Documents/Universidad/7_Septimo_Semestre/SBC/test_DAS/components/ble/bluetooth.c:141:18: error: 'BLE_HS_ADV_F_DISC_GEN' undeclared (first use in this function)
  141 |   fields.flags = BLE_HS_ADV_F_DISC_GEN | BLE_HS_ADV_F_BREDR_UNSUP;
      |                  ^~~~~~~~~~~~~~~~~~~~~
/home/pelvira/Documents/Universidad/7_Septimo_Semestre/SBC/test_DAS/components/ble/bluetooth.c:141:42: error: 'BLE_HS_ADV_F_BREDR_UNSUP' undeclared (first use in this function)
  141 |   fields.flags = BLE_HS_ADV_F_DISC_GEN | BLE_HS_ADV_F_BREDR_UNSUP;
      |                                          ^~~~~~~~~~~~~~~~~~~~~~~~
/home/pelvira/Documents/Universidad/7_Septimo_Semestre/SBC/test_DAS/components/ble/bluetooth.c:143:21: error: implicit declaration of function 'strlen' [-Wimplicit-function-declaration]
  143 |   fields.name_len = strlen((char *)fields.name);
      |                     ^~~~~~
/home/pelvira/Documents/Universidad/7_Septimo_Semestre/SBC/test_DAS/components/ble/bluetooth.c:143:21: note: include '<string.h>' or provide a declaration of 'strlen'
/home/pelvira/Documents/Universidad/7_Septimo_Semestre/SBC/test_DAS/components/ble/bluetooth.c:143:21: warning: incompatible implicit declaration of built-in function 'strlen' [-Wbuiltin-declaration-mismatch]
/home/pelvira/Documents/Universidad/7_Septimo_Semestre/SBC/test_DAS/components/ble/bluetooth.c:143:21: note: include '<string.h>' or provide a declaration of 'strlen'
/home/pelvira/Documents/Universidad/7_Septimo_Semestre/SBC/test_DAS/components/ble/bluetooth.c:146:3: error: implicit declaration of function 'ble_gap_adv_set_fields' [-Wimplicit-function-declaration]
  146 |   ble_gap_adv_set_fields(&fields);
      |   ^~~~~~~~~~~~~~~~~~~~~~
/home/pelvira/Documents/Universidad/7_Septimo_Semestre/SBC/test_DAS/components/ble/bluetooth.c:149:26: error: 'BLE_GAP_CONN_MODE_UND' undeclared (first use in this function)
  149 |   adv_params.conn_mode = BLE_GAP_CONN_MODE_UND;
      |                          ^~~~~~~~~~~~~~~~~~~~~
/home/pelvira/Documents/Universidad/7_Septimo_Semestre/SBC/test_DAS/components/ble/bluetooth.c:150:26: error: 'BLE_GAP_DISC_MODE_GEN' undeclared (first use in this function)
  150 |   adv_params.disc_mode = BLE_GAP_DISC_MODE_GEN;
      |                          ^~~~~~~~~~~~~~~~~~~~~
/home/pelvira/Documents/Universidad/7_Septimo_Semestre/SBC/test_DAS/components/ble/bluetooth.c:152:3: error: implicit declaration of function 'ble_gap_adv_start' [-Wimplicit-function-declaration]
  152 |   ble_gap_adv_start(
      |   ^~~~~~~~~~~~~~~~~
/home/pelvira/Documents/Universidad/7_Septimo_Semestre/SBC/test_DAS/components/ble/bluetooth.c:154:5: error: 'NULL' undeclared (first use in this function)
  154 |     NULL,
      |     ^~~~
/home/pelvira/Documents/Universidad/7_Septimo_Semestre/SBC/test_DAS/components/ble/bluetooth.c:6:1: note: 'NULL' is defined in header '<stddef.h>'; this is probably fixable by adding '#include <stddef.h>'
    5 | #include "ota_manager.h"
  +++ |+#include <stddef.h>
    6 | 
/home/pelvira/Documents/Universidad/7_Septimo_Semestre/SBC/test_DAS/components/ble/bluetooth.c:155:5: error: 'BLE_HS_FOREVER' undeclared (first use in this function)
  155 |     BLE_HS_FOREVER,
      |     ^~~~~~~~~~~~~~
/home/pelvira/Documents/Universidad/7_Septimo_Semestre/SBC/test_DAS/components/ble/bluetooth.c:138:28: warning: unused variable 'fields' [-Wunused-variable]
  138 |   struct ble_hs_adv_fields fields;
      |                            ^~~~~~
/home/pelvira/Documents/Universidad/7_Septimo_Semestre/SBC/test_DAS/components/ble/bluetooth.c:137:29: warning: unused variable 'adv_params' [-Wunused-variable]
  137 |   struct ble_gap_adv_params adv_params;
      |                             ^~~~~~~~~~
/home/pelvira/Documents/Universidad/7_Septimo_Semestre/SBC/test_DAS/components/ble/bluetooth.c: In function 'ble_on_sync':
/home/pelvira/Documents/Universidad/7_Septimo_Semestre/SBC/test_DAS/components/ble/bluetooth.c:163:3: error: implicit declaration of function 'ble_hs_id_infer_auto' [-Wimplicit-function-declaration]
  163 |   ble_hs_id_infer_auto(0, &own_addr_type);
      |   ^~~~~~~~~~~~~~~~~~~~
/home/pelvira/Documents/Universidad/7_Septimo_Semestre/SBC/test_DAS/components/ble/bluetooth.c:165:3: error: implicit declaration of function 'ble_gatts_count_cfg' [-Wimplicit-function-declaration]
  165 |   ble_gatts_count_cfg(gatt_svcs);
      |   ^~~~~~~~~~~~~~~~~~~
/home/pelvira/Documents/Universidad/7_Septimo_Semestre/SBC/test_DAS/components/ble/bluetooth.c:166:3: error: implicit declaration of function 'ble_gatts_add_svcs' [-Wimplicit-function-declaration]
  166 |   ble_gatts_add_svcs(gatt_svcs);
      |   ^~~~~~~~~~~~~~~~~~
/home/pelvira/Documents/Universidad/7_Septimo_Semestre/SBC/test_DAS/components/ble/bluetooth.c: In function 'ble_host_task':
/home/pelvira/Documents/Universidad/7_Septimo_Semestre/SBC/test_DAS/components/ble/bluetooth.c:175:3: error: implicit declaration of function 'nimble_port_run' [-Wimplicit-function-declaration]
  175 |   nimble_port_run();
      |   ^~~~~~~~~~~~~~~
/home/pelvira/Documents/Universidad/7_Septimo_Semestre/SBC/test_DAS/components/ble/bluetooth.c:176:3: error: implicit declaration of function 'nimble_port_freertos_deinit' [-Wimplicit-function-declaration]
  176 |   nimble_port_freertos_deinit();
      |   ^~~~~~~~~~~~~~~~~~~~~~~~~~~
/home/pelvira/Documents/Universidad/7_Septimo_Semestre/SBC/test_DAS/components/ble/bluetooth.c: In function 'bluetooth_init':
/home/pelvira/Documents/Universidad/7_Septimo_Semestre/SBC/test_DAS/components/ble/bluetooth.c:180:3: error: unknown type name 'esp_err_t'
  180 |   esp_err_t ret = nvs_flash_init();
      |   ^~~~~~~~~
/home/pelvira/Documents/Universidad/7_Septimo_Semestre/SBC/test_DAS/components/ble/bluetooth.c:180:19: error: implicit declaration of function 'nvs_flash_init' [-Wimplicit-function-declaration]
  180 |   esp_err_t ret = nvs_flash_init();
      |                   ^~~~~~~~~~~~~~
/home/pelvira/Documents/Universidad/7_Septimo_Semestre/SBC/test_DAS/components/ble/bluetooth.c:181:14: error: 'ESP_ERR_NVS_NO_FREE_PAGES' undeclared (first use in this function)
  181 |   if (ret == ESP_ERR_NVS_NO_FREE_PAGES ||
      |              ^~~~~~~~~~~~~~~~~~~~~~~~~
/home/pelvira/Documents/Universidad/7_Septimo_Semestre/SBC/test_DAS/components/ble/bluetooth.c:182:14: error: 'ESP_ERR_NVS_NEW_VERSION_FOUND' undeclared (first use in this function)
  182 |       ret == ESP_ERR_NVS_NEW_VERSION_FOUND) {
      |              ^~~~~~~~~~~~~~~~~~~~~~~~~~~~~
/home/pelvira/Documents/Universidad/7_Septimo_Semestre/SBC/test_DAS/components/ble/bluetooth.c:183:5: error: implicit declaration of function 'nvs_flash_erase' [-Wimplicit-function-declaration]
  183 |     nvs_flash_erase();
      |     ^~~~~~~~~~~~~~~
/home/pelvira/Documents/Universidad/7_Septimo_Semestre/SBC/test_DAS/components/ble/bluetooth.c:187:3: error: implicit declaration of function 'esp_nimble_hci_init' [-Wimplicit-function-declaration]
  187 |   esp_nimble_hci_init();
      |   ^~~~~~~~~~~~~~~~~~~
/home/pelvira/Documents/Universidad/7_Septimo_Semestre/SBC/test_DAS/components/ble/bluetooth.c:188:3: error: implicit declaration of function 'nimble_port_init' [-Wimplicit-function-declaration]
  188 |   nimble_port_init();
      |   ^~~~~~~~~~~~~~~~
/home/pelvira/Documents/Universidad/7_Septimo_Semestre/SBC/test_DAS/components/ble/bluetooth.c:190:3: error: implicit declaration of function 'ble_att_set_preferred_mtu' [-Wimplicit-function-declaration]
  190 |   ble_att_set_preferred_mtu(247);
      |   ^~~~~~~~~~~~~~~~~~~~~~~~~
/home/pelvira/Documents/Universidad/7_Septimo_Semestre/SBC/test_DAS/components/ble/bluetooth.c:191:3: error: 'ble_hs_cfg' undeclared (first use in this function)
  191 |   ble_hs_cfg.sync_cb = ble_on_sync;
      |   ^~~~~~~~~~
/home/pelvira/Documents/Universidad/7_Septimo_Semestre/SBC/test_DAS/components/ble/bluetooth.c:193:3: error: implicit declaration of function 'nimble_port_freertos_init' [-Wimplicit-function-declaration]
  193 |   nimble_port_freertos_init(ble_host_task);
      |   ^~~~~~~~~~~~~~~~~~~~~~~~~
/home/pelvira/Documents/Universidad/7_Septimo_Semestre/SBC/test_DAS/components/ble/bluetooth.c: In function 'bluetooth_notify':
/home/pelvira/Documents/Universidad/7_Septimo_Semestre/SBC/test_DAS/components/ble/bluetooth.c:206:24: error: implicit declaration of function 'ble_hs_mbuf_from_flat' [-Wimplicit-function-declaration]
  206 |   struct os_mbuf *om = ble_hs_mbuf_from_flat(data, len);
      |                        ^~~~~~~~~~~~~~~~~~~~~
/home/pelvira/Documents/Universidad/7_Septimo_Semestre/SBC/test_DAS/components/ble/bluetooth.c:206:24: error: initialization of 'struct os_mbuf *' from 'int' makes pointer from integer without a cast [-Wint-conversion]
/home/pelvira/Documents/Universidad/7_Septimo_Semestre/SBC/test_DAS/components/ble/bluetooth.c:211:10: error: implicit declaration of function 'ble_gatts_notify_custom' [-Wimplicit-function-declaration]
  211 |   return ble_gatts_notify_custom(
      |          ^~~~~~~~~~~~~~~~~~~~~~~
/home/pelvira/Documents/Universidad/7_Septimo_Semestre/SBC/test_DAS/components/ble/bluetooth.c: At top level:
/home/pelvira/Documents/Universidad/7_Septimo_Semestre/SBC/test_DAS/components/ble/bluetooth.c:70:38: warning: 'gatt_svcs' defined but not used [-Wunused-variable]
   70 | static const struct ble_gatt_svc_def gatt_svcs[] = {
      |                                      ^~~~~~~~~
ninja: build stopped: subcommand failed.
